# JRE version: Java(TM) SE Runtime Environment (8.0_144-b01) (build 1.8.0_144-b01)
# Java VM: Java HotSpot(TM) Client VM (25.144-b01 mixed mode windows-x86 )
Heap:
 def new generation   total 39424K, used 3820K [0x0fe00000, 0x128c0000, 0x1a8a0000)
  eden space 35072K,   8% used [0x0fe00000, 0x100fb908, 0x12040000)
  from space 4352K,  17% used [0x12040000, 0x120ff768, 0x12480000)
  to   space 4352K,   0% used [0x12480000, 0x12480000, 0x128c0000)
 tenured generation   total 87424K, used 66651K [0x1a8a0000, 0x1fe00000, 0x2fe00000)
   the space 87424K,  76% used [0x1a8a0000, 0x1e9b6ea0, 0x1e9b7000, 0x1fe00000)
 Metaspace       used 18637K, capacity 19103K, committed 19200K, reserved 19840K
GC Heap History (10 events):
Event: 82252.016 GC heap before
{Heap before GC invocations=6 (full 1):
 def new generation   total 39424K, used 36771K [0x0fe00000, 0x128c0000, 0x1a8a0000)
  eden space 35072K, 100% used [0x0fe00000, 0x12040000, 0x12040000)
  from space 4352K,  39% used [0x12480000, 0x12628c58, 0x128c0000)
  to   space 4352K,   0% used [0x12040000, 0x12040000, 0x12480000)
 tenured generation   total 87424K, used 36462K [0x1a8a0000, 0x1fe00000, 0x2fe00000)
   the space 87424K,  41% used [0x1a8a0000, 0x1cc3bb40, 0x1cc3bc00, 0x1fe00000)
 Metaspace       used 18635K, capacity 19103K, committed 19200K, reserved 19840K
Event: 82252.033 GC heap after
Heap after GC invocations=7 (full 1):
 def new generation   total 39424K, used 1614K [0x0fe00000, 0x128c0000, 0x1a8a0000)
  eden space 35072K,   0% used [0x0fe00000, 0x0fe00000, 0x12040000)
  from space 4352K,  37% used [0x12040000, 0x121d3990, 0x12480000)
  to   space 4352K,   0% used [0x12480000, 0x12480000, 0x128c0000)
 tenured generation   total 87424K, used 36462K [0x1a8a0000, 0x1fe00000, 0x2fe00000)
   the space 87424K,  41% used [0x1a8a0000, 0x1cc3bb40, 0x1cc3bc00, 0x1fe00000)
 Metaspace       used 18635K, capacity 19103K, committed 19200K, reserved 19840K
}
Event: 83316.433 GC heap before
{Heap before GC invocations=7 (full 1):
 def new generation   total 39424K, used 31178K [0x0fe00000, 0x128c0000, 0x1a8a0000)
  eden space 35072K,  84% used [0x0fe00000, 0x11adefc0, 0x12040000)
  from space 4352K,  37% used [0x12040000, 0x121d3990, 0x12480000)
  to   space 4352K,   0% used [0x12480000, 0x12480000, 0x128c0000)
 tenured generation   total 87424K, used 36462K [0x1a8a0000, 0x1fe00000, 0x2fe00000)
   the space 87424K,  41% used [0x1a8a0000, 0x1cc3bb40, 0x1cc3bc00, 0x1fe00000)
 Metaspace       used 18637K, capacity 19103K, committed 19200K, reserved 19840K
Event: 83316.443 GC heap after
Heap after GC invocations=8 (full 1):
 def new generation   total 39424K, used 2119K [0x0fe00000, 0x128c0000, 0x1a8a0000)
  eden space 35072K,   0% used [0x0fe00000, 0x0fe00000, 0x12040000)
  from space 4352K,  48% used [0x12480000, 0x12691f68, 0x128c0000)
  to   space 4352K,   0% used [0x12040000, 0x12040000, 0x12480000)
 tenured generation   total 87424K, used 36462K [0x1a8a0000, 0x1fe00000, 0x2fe00000)
   the space 87424K,  41% used [0x1a8a0000, 0x1cc3bb40, 0x1cc3bc00, 0x1fe00000)
 Metaspace       used 18637K, capacity 19103K, committed 19200K, reserved 19840K
}
Event: 83352.541 GC heap before
{Heap before GC invocations=8 (full 1):
 def new generation   total 39424K, used 34596K [0x0fe00000, 0x128c0000, 0x1a8a0000)
  eden space 35072K,  92% used [0x0fe00000, 0x11db71f0, 0x12040000)
  from space 4352K,  48% used [0x12480000, 0x12691f68, 0x128c0000)
  to   space 4352K,   0% used [0x12040000, 0x12040000, 0x12480000)
 tenured generation   total 87424K, used 36462K [0x1a8a0000, 0x1fe00000, 0x2fe00000)
   the space 87424K,  41% used [0x1a8a0000, 0x1cc3bb40, 0x1cc3bc00, 0x1fe00000)
 Metaspace       used 18637K, capacity 19103K, committed 19200K, reserved 19840K
Event: 83352.548 GC heap after
Heap after GC invocations=9 (full 1):
 def new generation   total 39424K, used 2117K [0x0fe00000, 0x128c0000, 0x1a8a0000)
  eden space 35072K,   0% used [0x0fe00000, 0x0fe00000, 0x12040000)
  from space 4352K,  48% used [0x12040000, 0x122517e8, 0x12480000)
  to   space 4352K,   0% used [0x12480000, 0x12480000, 0x128c0000)
 tenured generation   total 87424K, used 36462K [0x1a8a0000, 0x1fe00000, 0x2fe00000)
   the space 87424K,  41% used [0x1a8a0000, 0x1cc3bb40, 0x1cc3bc00, 0x1fe00000)
 Metaspace       used 18637K, capacity 19103K, committed 19200K, reserved 19840K
}
Event: 89299.537 GC heap before
{Heap before GC invocations=9 (full 1):
 def new generation   total 39424K, used 37189K [0x0fe00000, 0x128c0000, 0x1a8a0000)
  eden space 35072K, 100% used [0x0fe00000, 0x12040000, 0x12040000)
  from space 4352K,  48% used [0x12040000, 0x122517e8, 0x12480000)
  to   space 4352K,   0% used [0x12480000, 0x12480000, 0x128c0000)
 tenured generation   total 87424K, used 36462K [0x1a8a0000, 0x1fe00000, 0x2fe00000)
   the space 87424K,  41% used [0x1a8a0000, 0x1cc3bb40, 0x1cc3bc00, 0x1fe00000)
 Metaspace       used 18637K, capacity 19103K, committed 19200K, reserved 19840K
Event: 89299.603 GC heap after
Heap after GC invocations=10 (full 1):
 def new generation   total 39424K, used 2282K [0x0fe00000, 0x128c0000, 0x1a8a0000)
  eden space 35072K,   0% used [0x0fe00000, 0x0fe00000, 0x12040000)
  from space 4352K,  52% used [0x12480000, 0x126babe8, 0x128c0000)
  to   space 4352K,   0% used [0x12040000, 0x12040000, 0x12480000)
 tenured generation   total 87424K, used 46632K [0x1a8a0000, 0x1fe00000, 0x2fe00000)
   the space 87424K,  53% used [0x1a8a0000, 0x1d62a350, 0x1d62a400, 0x1fe00000)
 Metaspace       used 18637K, capacity 19103K, committed 19200K, reserved 19840K
}
Event: 93260.769 GC heap before
{Heap before GC invocations=10 (full 1):
 def new generation   total 39424K, used 37081K [0x0fe00000, 0x128c0000, 0x1a8a0000)
  eden space 35072K,  99% used [0x0fe00000, 0x11ffbbc0, 0x12040000)
  from space 4352K,  52% used [0x12480000, 0x126babe8, 0x128c0000)
  to   space 4352K,   0% used [0x12040000, 0x12040000, 0x12480000)
 tenured generation   total 87424K, used 46632K [0x1a8a0000, 0x1fe00000, 0x2fe00000)
   the space 87424K,  53% used [0x1a8a0000, 0x1d62a350, 0x1d62a400, 0x1fe00000)
 Metaspace       used 18637K, capacity 19103K, committed 19200K, reserved 19840K
Event: 93260.809 GC heap after
Heap after GC invocations=11 (full 1):
 def new generation   total 39424K, used 765K [0x0fe00000, 0x128c0000, 0x1a8a0000)
  eden space 35072K,   0% used [0x0fe00000, 0x0fe00000, 0x12040000)
  from space 4352K,  17% used [0x12040000, 0x120ff768, 0x12480000)
  to   space 4352K,   0% used [0x12480000, 0x12480000, 0x128c0000)
 tenured generation   total 87424K, used 66651K [0x1a8a0000, 0x1fe00000, 0x2fe00000)
   the space 87424K,  76% used [0x1a8a0000, 0x1e9b6ea0, 0x1e9b7000, 0x1fe00000)
 Metaspace       used 18637K, capacity 19103K, committed 19200K, reserved 19840K
}

